2020-09-27T03:17:40.176Z error: uncaughtException: Maximum lag should be greater than 10ms.
Error: Maximum lag should be greater than 10ms.
    at Function.toobusy.maxLag (c:\WebDev\nodejsServer\node_modules\toobusy-js\toobusy.js:88:25)
    at new App (c:\WebDev\nodejsServer\src\app.ts:22:16)
    at Object.<anonymous> (c:\WebDev\nodejsServer\src\server.ts:25:13)
    at Module._compile (internal/modules/cjs/loader.js:1138:30)
    at Module.m._compile (c:\WebDev\nodejsServer\node_modules\ts-node\src\index.ts:858:23)
    at Module._extensions..js (internal/modules/cjs/loader.js:1158:10)
    at Object.require.extensions.<computed> [as .ts] (c:\WebDev\nodejsServer\node_modules\ts-node\src\index.ts:861:12)
    at Module.load (internal/modules/cjs/loader.js:986:32)
    at Function.Module._load (internal/modules/cjs/loader.js:879:14)
    at Function.executeUserEntryPoint [as runMain] (internal/modules/run_main.js:71:12)
2020-09-27T03:17:53.106Z error: uncaughtException: Maximum lag should be greater than 10ms.
Error: Maximum lag should be greater than 10ms.
    at Function.toobusy.maxLag (c:\WebDev\nodejsServer\node_modules\toobusy-js\toobusy.js:88:25)
    at new App (c:\WebDev\nodejsServer\src\app.ts:22:16)
    at Object.<anonymous> (c:\WebDev\nodejsServer\src\server.ts:25:13)
    at Module._compile (internal/modules/cjs/loader.js:1138:30)
    at Module.m._compile (c:\WebDev\nodejsServer\node_modules\ts-node\src\index.ts:858:23)
    at Module._extensions..js (internal/modules/cjs/loader.js:1158:10)
    at Object.require.extensions.<computed> [as .ts] (c:\WebDev\nodejsServer\node_modules\ts-node\src\index.ts:861:12)
    at Module.load (internal/modules/cjs/loader.js:986:32)
    at Function.Module._load (internal/modules/cjs/loader.js:879:14)
    at Function.executeUserEntryPoint [as runMain] (internal/modules/run_main.js:71:12)
2020-09-27T04:02:56.450Z error: uncaughtException: тип Unable to compile TypeScript:
[96msrc/server/controllers/authentication.controller.ts[0m:[93m23[0m:[93m21[0m - [91merror[0m[90m TS7016: [0mCould not find a declaration file for module 'express-bouncer'. 'C:/WebDev/nodejsServer/node_modules/express-bouncer/bouncer.js' implicitly has an 'any' type.
  Try `npm install @types/express-bouncer` if it exists or add a new declaration (.d.ts) file containing `declare module 'express-bouncer';`

[7m23[0m import bouncer from "express-bouncer";
[7m  [0m [91m                    ~~~~~~~~~~~~~~~~~[0m
[96msrc/server/controllers/authentication.controller.ts[0m:[93m38[0m:[93m37[0m - [91merror[0m[90m TS7006: [0mParameter 'req' implicitly has an 'any' type.

[7m38[0m         bouncer.blocked = function (req, res, next, remaining: number) {
[7m  [0m [91m                                    ~~~[0m
[96msrc/server/controllers/authentication.controller.ts[0m:[93m38[0m:[93m42[0m - [91merror[0m[90m TS7006: [0mParameter 'res' implicitly has an 'any' type.

[7m38[0m         bouncer.blocked = function (req, res, next, remaining: number) {
[7m  [0m [91m                                         ~~~[0m
[96msrc/server/controllers/authentication.controller.ts[0m:[93m38[0m:[93m47[0m - [91merror[0m[90m TS7006: [0mParameter 'next' implicitly has an 'any' type.

[7m38[0m         bouncer.blocked = function (req, res, next, remaining: number) {
[7m  [0m [91m                                              ~~~~[0m

TSError: тип Unable to compile TypeScript:
[96msrc/server/controllers/authentication.controller.ts[0m:[93m23[0m:[93m21[0m - [91merror[0m[90m TS7016: [0mCould not find a declaration file for module 'express-bouncer'. 'C:/WebDev/nodejsServer/node_modules/express-bouncer/bouncer.js' implicitly has an 'any' type.
  Try `npm install @types/express-bouncer` if it exists or add a new declaration (.d.ts) file containing `declare module 'express-bouncer';`

[7m23[0m import bouncer from "express-bouncer";
[7m  [0m [91m                    ~~~~~~~~~~~~~~~~~[0m
[96msrc/server/controllers/authentication.controller.ts[0m:[93m38[0m:[93m37[0m - [91merror[0m[90m TS7006: [0mParameter 'req' implicitly has an 'any' type.

[7m38[0m         bouncer.blocked = function (req, res, next, remaining: number) {
[7m  [0m [91m                                    ~~~[0m
[96msrc/server/controllers/authentication.controller.ts[0m:[93m38[0m:[93m42[0m - [91merror[0m[90m TS7006: [0mParameter 'res' implicitly has an 'any' type.

[7m38[0m         bouncer.blocked = function (req, res, next, remaining: number) {
[7m  [0m [91m                                         ~~~[0m
[96msrc/server/controllers/authentication.controller.ts[0m:[93m38[0m:[93m47[0m - [91merror[0m[90m TS7006: [0mParameter 'next' implicitly has an 'any' type.

[7m38[0m         bouncer.blocked = function (req, res, next, remaining: number) {
[7m  [0m [91m                                              ~~~~[0m

    at createTSError (C:\WebDev\nodejsServer\node_modules\ts-node\src\index.ts:434:12)
    at reportTSError (C:\WebDev\nodejsServer\node_modules\ts-node\src\index.ts:438:19)
    at getOutput (C:\WebDev\nodejsServer\node_modules\ts-node\src\index.ts:578:36)
    at Object.compile (C:\WebDev\nodejsServer\node_modules\ts-node\src\index.ts:775:32)
    at Module.m._compile (C:\WebDev\nodejsServer\node_modules\ts-node\src\index.ts:858:43)
    at Module._extensions..js (internal/modules/cjs/loader.js:1158:10)
    at Object.require.extensions.<computed> [as .ts] (C:\WebDev\nodejsServer\node_modules\ts-node\src\index.ts:861:12)
    at Module.load (internal/modules/cjs/loader.js:986:32)
    at Function.Module._load (internal/modules/cjs/loader.js:879:14)
    at Module.require (internal/modules/cjs/loader.js:1026:19)
2020-09-27T04:03:06.033Z error: uncaughtException: тип Unable to compile TypeScript:
[96msrc/server/controllers/authentication.controller.ts[0m:[93m23[0m:[93m21[0m - [91merror[0m[90m TS7016: [0mCould not find a declaration file for module 'express-bouncer'. 'C:/WebDev/nodejsServer/node_modules/express-bouncer/bouncer.js' implicitly has an 'any' type.
  Try `npm install @types/express-bouncer` if it exists or add a new declaration (.d.ts) file containing `declare module 'express-bouncer';`

[7m23[0m import bouncer from "express-bouncer";
[7m  [0m [91m                    ~~~~~~~~~~~~~~~~~[0m
[96msrc/server/controllers/authentication.controller.ts[0m:[93m38[0m:[93m37[0m - [91merror[0m[90m TS7006: [0mParameter 'req' implicitly has an 'any' type.

[7m38[0m         bouncer.blocked = function (req, res, next, remaining: number) {
[7m  [0m [91m                                    ~~~[0m
[96msrc/server/controllers/authentication.controller.ts[0m:[93m38[0m:[93m42[0m - [91merror[0m[90m TS7006: [0mParameter 'res' implicitly has an 'any' type.

[7m38[0m         bouncer.blocked = function (req, res, next, remaining: number) {
[7m  [0m [91m                                         ~~~[0m
[96msrc/server/controllers/authentication.controller.ts[0m:[93m38[0m:[93m47[0m - [91merror[0m[90m TS7006: [0mParameter 'next' implicitly has an 'any' type.

[7m38[0m         bouncer.blocked = function (req, res, next, remaining: number) {
[7m  [0m [91m                                              ~~~~[0m

TSError: тип Unable to compile TypeScript:
[96msrc/server/controllers/authentication.controller.ts[0m:[93m23[0m:[93m21[0m - [91merror[0m[90m TS7016: [0mCould not find a declaration file for module 'express-bouncer'. 'C:/WebDev/nodejsServer/node_modules/express-bouncer/bouncer.js' implicitly has an 'any' type.
  Try `npm install @types/express-bouncer` if it exists or add a new declaration (.d.ts) file containing `declare module 'express-bouncer';`

[7m23[0m import bouncer from "express-bouncer";
[7m  [0m [91m                    ~~~~~~~~~~~~~~~~~[0m
[96msrc/server/controllers/authentication.controller.ts[0m:[93m38[0m:[93m37[0m - [91merror[0m[90m TS7006: [0mParameter 'req' implicitly has an 'any' type.

[7m38[0m         bouncer.blocked = function (req, res, next, remaining: number) {
[7m  [0m [91m                                    ~~~[0m
[96msrc/server/controllers/authentication.controller.ts[0m:[93m38[0m:[93m42[0m - [91merror[0m[90m TS7006: [0mParameter 'res' implicitly has an 'any' type.

[7m38[0m         bouncer.blocked = function (req, res, next, remaining: number) {
[7m  [0m [91m                                         ~~~[0m
[96msrc/server/controllers/authentication.controller.ts[0m:[93m38[0m:[93m47[0m - [91merror[0m[90m TS7006: [0mParameter 'next' implicitly has an 'any' type.

[7m38[0m         bouncer.blocked = function (req, res, next, remaining: number) {
[7m  [0m [91m                                              ~~~~[0m

    at createTSError (C:\WebDev\nodejsServer\node_modules\ts-node\src\index.ts:434:12)
    at reportTSError (C:\WebDev\nodejsServer\node_modules\ts-node\src\index.ts:438:19)
    at getOutput (C:\WebDev\nodejsServer\node_modules\ts-node\src\index.ts:578:36)
    at Object.compile (C:\WebDev\nodejsServer\node_modules\ts-node\src\index.ts:775:32)
    at Module.m._compile (C:\WebDev\nodejsServer\node_modules\ts-node\src\index.ts:858:43)
    at Module._extensions..js (internal/modules/cjs/loader.js:1158:10)
    at Object.require.extensions.<computed> [as .ts] (C:\WebDev\nodejsServer\node_modules\ts-node\src\index.ts:861:12)
    at Module.load (internal/modules/cjs/loader.js:986:32)
    at Function.Module._load (internal/modules/cjs/loader.js:879:14)
    at Module.require (internal/modules/cjs/loader.js:1026:19)
2020-09-27T04:05:24.185Z error: uncaughtException: тип Unable to compile TypeScript:
[96msrc/server/controllers/authentication.controller.ts[0m:[93m23[0m:[93m21[0m - [91merror[0m[90m TS7016: [0mCould not find a declaration file for module 'express-bouncer'. 'C:/WebDev/nodejsServer/node_modules/express-bouncer/bouncer.js' implicitly has an 'any' type.
  Try `npm install @types/express-bouncer` if it exists or add a new declaration (.d.ts) file containing `declare module 'express-bouncer';`

[7m23[0m import bouncer from "express-bouncer";
[7m  [0m [91m                    ~~~~~~~~~~~~~~~~~[0m
[96msrc/server/controllers/authentication.controller.ts[0m:[93m40[0m:[93m52[0m - [91merror[0m[90m TS7006: [0mParameter 'req' implicitly has an 'any' type.

[7m40[0m         this.bouncerMiddleware.blocked = function (req, res, next, remaining: number) {
[7m  [0m [91m                                                   ~~~[0m
[96msrc/server/controllers/authentication.controller.ts[0m:[93m40[0m:[93m57[0m - [91merror[0m[90m TS7006: [0mParameter 'res' implicitly has an 'any' type.

[7m40[0m         this.bouncerMiddleware.blocked = function (req, res, next, remaining: number) {
[7m  [0m [91m                                                        ~~~[0m
[96msrc/server/controllers/authentication.controller.ts[0m:[93m40[0m:[93m62[0m - [91merror[0m[90m TS7006: [0mParameter 'next' implicitly has an 'any' type.

[7m40[0m         this.bouncerMiddleware.blocked = function (req, res, next, remaining: number) {
[7m  [0m [91m                                                             ~~~~[0m

TSError: тип Unable to compile TypeScript:
[96msrc/server/controllers/authentication.controller.ts[0m:[93m23[0m:[93m21[0m - [91merror[0m[90m TS7016: [0mCould not find a declaration file for module 'express-bouncer'. 'C:/WebDev/nodejsServer/node_modules/express-bouncer/bouncer.js' implicitly has an 'any' type.
  Try `npm install @types/express-bouncer` if it exists or add a new declaration (.d.ts) file containing `declare module 'express-bouncer';`

[7m23[0m import bouncer from "express-bouncer";
[7m  [0m [91m                    ~~~~~~~~~~~~~~~~~[0m
[96msrc/server/controllers/authentication.controller.ts[0m:[93m40[0m:[93m52[0m - [91merror[0m[90m TS7006: [0mParameter 'req' implicitly has an 'any' type.

[7m40[0m         this.bouncerMiddleware.blocked = function (req, res, next, remaining: number) {
[7m  [0m [91m                                                   ~~~[0m
[96msrc/server/controllers/authentication.controller.ts[0m:[93m40[0m:[93m57[0m - [91merror[0m[90m TS7006: [0mParameter 'res' implicitly has an 'any' type.

[7m40[0m         this.bouncerMiddleware.blocked = function (req, res, next, remaining: number) {
[7m  [0m [91m                                                        ~~~[0m
[96msrc/server/controllers/authentication.controller.ts[0m:[93m40[0m:[93m62[0m - [91merror[0m[90m TS7006: [0mParameter 'next' implicitly has an 'any' type.

[7m40[0m         this.bouncerMiddleware.blocked = function (req, res, next, remaining: number) {
[7m  [0m [91m                                                             ~~~~[0m

    at createTSError (C:\WebDev\nodejsServer\node_modules\ts-node\src\index.ts:434:12)
    at reportTSError (C:\WebDev\nodejsServer\node_modules\ts-node\src\index.ts:438:19)
    at getOutput (C:\WebDev\nodejsServer\node_modules\ts-node\src\index.ts:578:36)
    at Object.compile (C:\WebDev\nodejsServer\node_modules\ts-node\src\index.ts:775:32)
    at Module.m._compile (C:\WebDev\nodejsServer\node_modules\ts-node\src\index.ts:858:43)
    at Module._extensions..js (internal/modules/cjs/loader.js:1158:10)
    at Object.require.extensions.<computed> [as .ts] (C:\WebDev\nodejsServer\node_modules\ts-node\src\index.ts:861:12)
    at Module.load (internal/modules/cjs/loader.js:986:32)
    at Function.Module._load (internal/modules/cjs/loader.js:879:14)
    at Module.require (internal/modules/cjs/loader.js:1026:19)
2020-09-27T04:05:24.350Z error: uncaughtException: тип Unable to compile TypeScript:
[96msrc/server/controllers/authentication.controller.ts[0m:[93m23[0m:[93m21[0m - [91merror[0m[90m TS7016: [0mCould not find a declaration file for module 'express-bouncer'. 'C:/WebDev/nodejsServer/node_modules/express-bouncer/bouncer.js' implicitly has an 'any' type.
  Try `npm install @types/express-bouncer` if it exists or add a new declaration (.d.ts) file containing `declare module 'express-bouncer';`

[7m23[0m import bouncer from "express-bouncer";
[7m  [0m [91m                    ~~~~~~~~~~~~~~~~~[0m
[96msrc/server/controllers/authentication.controller.ts[0m:[93m40[0m:[93m52[0m - [91merror[0m[90m TS7006: [0mParameter 'req' implicitly has an 'any' type.

[7m40[0m         this.bouncerMiddleware.blocked = function (req, res, next, remaining: number) {
[7m  [0m [91m                                                   ~~~[0m
[96msrc/server/controllers/authentication.controller.ts[0m:[93m40[0m:[93m57[0m - [91merror[0m[90m TS7006: [0mParameter 'res' implicitly has an 'any' type.

[7m40[0m         this.bouncerMiddleware.blocked = function (req, res, next, remaining: number) {
[7m  [0m [91m                                                        ~~~[0m
[96msrc/server/controllers/authentication.controller.ts[0m:[93m40[0m:[93m62[0m - [91merror[0m[90m TS7006: [0mParameter 'next' implicitly has an 'any' type.

[7m40[0m         this.bouncerMiddleware.blocked = function (req, res, next, remaining: number) {
[7m  [0m [91m                                                             ~~~~[0m

TSError: тип Unable to compile TypeScript:
[96msrc/server/controllers/authentication.controller.ts[0m:[93m23[0m:[93m21[0m - [91merror[0m[90m TS7016: [0mCould not find a declaration file for module 'express-bouncer'. 'C:/WebDev/nodejsServer/node_modules/express-bouncer/bouncer.js' implicitly has an 'any' type.
  Try `npm install @types/express-bouncer` if it exists or add a new declaration (.d.ts) file containing `declare module 'express-bouncer';`

[7m23[0m import bouncer from "express-bouncer";
[7m  [0m [91m                    ~~~~~~~~~~~~~~~~~[0m
[96msrc/server/controllers/authentication.controller.ts[0m:[93m40[0m:[93m52[0m - [91merror[0m[90m TS7006: [0mParameter 'req' implicitly has an 'any' type.

[7m40[0m         this.bouncerMiddleware.blocked = function (req, res, next, remaining: number) {
[7m  [0m [91m                                                   ~~~[0m
[96msrc/server/controllers/authentication.controller.ts[0m:[93m40[0m:[93m57[0m - [91merror[0m[90m TS7006: [0mParameter 'res' implicitly has an 'any' type.

[7m40[0m         this.bouncerMiddleware.blocked = function (req, res, next, remaining: number) {
[7m  [0m [91m                                                        ~~~[0m
[96msrc/server/controllers/authentication.controller.ts[0m:[93m40[0m:[93m62[0m - [91merror[0m[90m TS7006: [0mParameter 'next' implicitly has an 'any' type.

[7m40[0m         this.bouncerMiddleware.blocked = function (req, res, next, remaining: number) {
[7m  [0m [91m                                                             ~~~~[0m

    at createTSError (C:\WebDev\nodejsServer\node_modules\ts-node\src\index.ts:434:12)
    at reportTSError (C:\WebDev\nodejsServer\node_modules\ts-node\src\index.ts:438:19)
    at getOutput (C:\WebDev\nodejsServer\node_modules\ts-node\src\index.ts:578:36)
    at Object.compile (C:\WebDev\nodejsServer\node_modules\ts-node\src\index.ts:775:32)
    at Module.m._compile (C:\WebDev\nodejsServer\node_modules\ts-node\src\index.ts:858:43)
    at Module._extensions..js (internal/modules/cjs/loader.js:1158:10)
    at Object.require.extensions.<computed> [as .ts] (C:\WebDev\nodejsServer\node_modules\ts-node\src\index.ts:861:12)
    at Module.load (internal/modules/cjs/loader.js:986:32)
    at Function.Module._load (internal/modules/cjs/loader.js:879:14)
    at Module.require (internal/modules/cjs/loader.js:1026:19)
2020-09-27T04:05:40.697Z error: uncaughtException: тип Unable to compile TypeScript:
[96msrc/server/controllers/authentication.controller.ts[0m:[93m23[0m:[93m21[0m - [91merror[0m[90m TS7016: [0mCould not find a declaration file for module 'express-bouncer'. 'C:/WebDev/nodejsServer/node_modules/express-bouncer/bouncer.js' implicitly has an 'any' type.
  Try `npm install @types/express-bouncer` if it exists or add a new declaration (.d.ts) file containing `declare module 'express-bouncer';`

[7m23[0m import bouncer from "express-bouncer";
[7m  [0m [91m                    ~~~~~~~~~~~~~~~~~[0m

TSError: тип Unable to compile TypeScript:
[96msrc/server/controllers/authentication.controller.ts[0m:[93m23[0m:[93m21[0m - [91merror[0m[90m TS7016: [0mCould not find a declaration file for module 'express-bouncer'. 'C:/WebDev/nodejsServer/node_modules/express-bouncer/bouncer.js' implicitly has an 'any' type.
  Try `npm install @types/express-bouncer` if it exists or add a new declaration (.d.ts) file containing `declare module 'express-bouncer';`

[7m23[0m import bouncer from "express-bouncer";
[7m  [0m [91m                    ~~~~~~~~~~~~~~~~~[0m

    at createTSError (C:\WebDev\nodejsServer\node_modules\ts-node\src\index.ts:434:12)
    at reportTSError (C:\WebDev\nodejsServer\node_modules\ts-node\src\index.ts:438:19)
    at getOutput (C:\WebDev\nodejsServer\node_modules\ts-node\src\index.ts:578:36)
    at Object.compile (C:\WebDev\nodejsServer\node_modules\ts-node\src\index.ts:775:32)
    at Module.m._compile (C:\WebDev\nodejsServer\node_modules\ts-node\src\index.ts:858:43)
    at Module._extensions..js (internal/modules/cjs/loader.js:1158:10)
    at Object.require.extensions.<computed> [as .ts] (C:\WebDev\nodejsServer\node_modules\ts-node\src\index.ts:861:12)
    at Module.load (internal/modules/cjs/loader.js:986:32)
    at Function.Module._load (internal/modules/cjs/loader.js:879:14)
    at Module.require (internal/modules/cjs/loader.js:1026:19)
2020-09-27T04:05:40.873Z error: uncaughtException: тип Unable to compile TypeScript:
[96msrc/server/controllers/authentication.controller.ts[0m:[93m23[0m:[93m21[0m - [91merror[0m[90m TS7016: [0mCould not find a declaration file for module 'express-bouncer'. 'C:/WebDev/nodejsServer/node_modules/express-bouncer/bouncer.js' implicitly has an 'any' type.
  Try `npm install @types/express-bouncer` if it exists or add a new declaration (.d.ts) file containing `declare module 'express-bouncer';`

[7m23[0m import bouncer from "express-bouncer";
[7m  [0m [91m                    ~~~~~~~~~~~~~~~~~[0m

TSError: тип Unable to compile TypeScript:
[96msrc/server/controllers/authentication.controller.ts[0m:[93m23[0m:[93m21[0m - [91merror[0m[90m TS7016: [0mCould not find a declaration file for module 'express-bouncer'. 'C:/WebDev/nodejsServer/node_modules/express-bouncer/bouncer.js' implicitly has an 'any' type.
  Try `npm install @types/express-bouncer` if it exists or add a new declaration (.d.ts) file containing `declare module 'express-bouncer';`

[7m23[0m import bouncer from "express-bouncer";
[7m  [0m [91m                    ~~~~~~~~~~~~~~~~~[0m

    at createTSError (C:\WebDev\nodejsServer\node_modules\ts-node\src\index.ts:434:12)
    at reportTSError (C:\WebDev\nodejsServer\node_modules\ts-node\src\index.ts:438:19)
    at getOutput (C:\WebDev\nodejsServer\node_modules\ts-node\src\index.ts:578:36)
    at Object.compile (C:\WebDev\nodejsServer\node_modules\ts-node\src\index.ts:775:32)
    at Module.m._compile (C:\WebDev\nodejsServer\node_modules\ts-node\src\index.ts:858:43)
    at Module._extensions..js (internal/modules/cjs/loader.js:1158:10)
    at Object.require.extensions.<computed> [as .ts] (C:\WebDev\nodejsServer\node_modules\ts-node\src\index.ts:861:12)
    at Module.load (internal/modules/cjs/loader.js:986:32)
    at Function.Module._load (internal/modules/cjs/loader.js:879:14)
    at Module.require (internal/modules/cjs/loader.js:1026:19)
2020-09-27T04:07:26.628Z error: uncaughtException: тип Unable to compile TypeScript:
[96msrc/server/controllers/authentication.controller.ts[0m:[93m23[0m:[93m21[0m - [91merror[0m[90m TS7016: [0mCould not find a declaration file for module 'express-bouncer'. 'C:/WebDev/nodejsServer/node_modules/express-bouncer/bouncer.js' implicitly has an 'any' type.
  Try `npm install @types/express-bouncer` if it exists or add a new declaration (.d.ts) file containing `declare module 'express-bouncer';`

[7m23[0m import bouncer from 'express-bouncer';
[7m  [0m [91m                    ~~~~~~~~~~~~~~~~~[0m

TSError: тип Unable to compile TypeScript:
[96msrc/server/controllers/authentication.controller.ts[0m:[93m23[0m:[93m21[0m - [91merror[0m[90m TS7016: [0mCould not find a declaration file for module 'express-bouncer'. 'C:/WebDev/nodejsServer/node_modules/express-bouncer/bouncer.js' implicitly has an 'any' type.
  Try `npm install @types/express-bouncer` if it exists or add a new declaration (.d.ts) file containing `declare module 'express-bouncer';`

[7m23[0m import bouncer from 'express-bouncer';
[7m  [0m [91m                    ~~~~~~~~~~~~~~~~~[0m

    at createTSError (C:\WebDev\nodejsServer\node_modules\ts-node\src\index.ts:434:12)
    at reportTSError (C:\WebDev\nodejsServer\node_modules\ts-node\src\index.ts:438:19)
    at getOutput (C:\WebDev\nodejsServer\node_modules\ts-node\src\index.ts:578:36)
    at Object.compile (C:\WebDev\nodejsServer\node_modules\ts-node\src\index.ts:775:32)
    at Module.m._compile (C:\WebDev\nodejsServer\node_modules\ts-node\src\index.ts:858:43)
    at Module._extensions..js (internal/modules/cjs/loader.js:1158:10)
    at Object.require.extensions.<computed> [as .ts] (C:\WebDev\nodejsServer\node_modules\ts-node\src\index.ts:861:12)
    at Module.load (internal/modules/cjs/loader.js:986:32)
    at Function.Module._load (internal/modules/cjs/loader.js:879:14)
    at Module.require (internal/modules/cjs/loader.js:1026:19)
2020-09-27T04:07:26.738Z error: uncaughtException: тип Unable to compile TypeScript:
[96msrc/server/controllers/authentication.controller.ts[0m:[93m23[0m:[93m21[0m - [91merror[0m[90m TS7016: [0mCould not find a declaration file for module 'express-bouncer'. 'C:/WebDev/nodejsServer/node_modules/express-bouncer/bouncer.js' implicitly has an 'any' type.
  Try `npm install @types/express-bouncer` if it exists or add a new declaration (.d.ts) file containing `declare module 'express-bouncer';`

[7m23[0m import bouncer from 'express-bouncer';
[7m  [0m [91m                    ~~~~~~~~~~~~~~~~~[0m

TSError: тип Unable to compile TypeScript:
[96msrc/server/controllers/authentication.controller.ts[0m:[93m23[0m:[93m21[0m - [91merror[0m[90m TS7016: [0mCould not find a declaration file for module 'express-bouncer'. 'C:/WebDev/nodejsServer/node_modules/express-bouncer/bouncer.js' implicitly has an 'any' type.
  Try `npm install @types/express-bouncer` if it exists or add a new declaration (.d.ts) file containing `declare module 'express-bouncer';`

[7m23[0m import bouncer from 'express-bouncer';
[7m  [0m [91m                    ~~~~~~~~~~~~~~~~~[0m

    at createTSError (C:\WebDev\nodejsServer\node_modules\ts-node\src\index.ts:434:12)
    at reportTSError (C:\WebDev\nodejsServer\node_modules\ts-node\src\index.ts:438:19)
    at getOutput (C:\WebDev\nodejsServer\node_modules\ts-node\src\index.ts:578:36)
    at Object.compile (C:\WebDev\nodejsServer\node_modules\ts-node\src\index.ts:775:32)
    at Module.m._compile (C:\WebDev\nodejsServer\node_modules\ts-node\src\index.ts:858:43)
    at Module._extensions..js (internal/modules/cjs/loader.js:1158:10)
    at Object.require.extensions.<computed> [as .ts] (C:\WebDev\nodejsServer\node_modules\ts-node\src\index.ts:861:12)
    at Module.load (internal/modules/cjs/loader.js:986:32)
    at Function.Module._load (internal/modules/cjs/loader.js:879:14)
    at Module.require (internal/modules/cjs/loader.js:1026:19)
2020-09-27T04:07:58.180Z error: uncaughtException: listen EADDRINUSE: address already in use :::3000
Error: listen EADDRINUSE: address already in use :::3000
    at Server.setupListenHandle [as _listen2] (net.js:1313:16)
    at listenInCluster (net.js:1361:12)
    at Server.listen (net.js:1447:7)
    at Function.listen (C:\WebDev\nodejsServer\node_modules\express\lib\application.js:618:24)
    at App.listen (C:\WebDev\nodejsServer\src\app.ts:73:14)
    at Object.<anonymous> (C:\WebDev\nodejsServer\src\server.ts:39:5)
    at Module._compile (internal/modules/cjs/loader.js:1138:30)
    at Module.m._compile (C:\WebDev\nodejsServer\node_modules\ts-node\src\index.ts:858:23)
    at Module._extensions..js (internal/modules/cjs/loader.js:1158:10)
    at Object.require.extensions.<computed> [as .ts] (C:\WebDev\nodejsServer\node_modules\ts-node\src\index.ts:861:12)
2020-09-27T04:08:24.811Z error: uncaughtException: listen EADDRINUSE: address already in use :::3000
Error: listen EADDRINUSE: address already in use :::3000
    at Server.setupListenHandle [as _listen2] (net.js:1313:16)
    at listenInCluster (net.js:1361:12)
    at Server.listen (net.js:1447:7)
    at Function.listen (C:\WebDev\nodejsServer\node_modules\express\lib\application.js:618:24)
    at App.listen (C:\WebDev\nodejsServer\src\app.ts:73:14)
    at Object.<anonymous> (C:\WebDev\nodejsServer\src\server.ts:39:5)
    at Module._compile (internal/modules/cjs/loader.js:1138:30)
    at Module.m._compile (C:\WebDev\nodejsServer\node_modules\ts-node\src\index.ts:858:23)
    at Module._extensions..js (internal/modules/cjs/loader.js:1158:10)
    at Object.require.extensions.<computed> [as .ts] (C:\WebDev\nodejsServer\node_modules\ts-node\src\index.ts:861:12)
